TN:
SF:/home/roni/Nas/Programming/Games/TheWitnessPuzzleMaker/src/game.nim
FN:23,goesFromStartToEnd__OOZsrcZgame_55
FN:31,eqtrace___OOZsrcZgame_8689
FN:31,divideSymbolsToRooms__OOZsrcZgame_725
FN:31,eqcopy___OOZsrcZgame_3195
FN:31,eqdestroy___OOZsrcZgame_8702
FN:31,eqdestroy___OOZsrcZgame_3192
FN:31,eqdestroy___OOZsrcZgame_8680
FN:37,findSymsInRoom__OOZsrcZgame_732
FN:61,eqdestroy___OOZsrcZgame_8789
FN:61,eqtrace___OOZsrcZgame_8798
FN:61,eqdestroy___OOZsrcZgame_8811
FN:61,findUnsolvedHexes__OOZsrcZgame_3208
FN:67,findHexesInRoom__OOZsrcZgame_3218
FN:80,checkSolution__OOZsrcZgame_3586
FN:81,eqdestroy___OOZsrcZgame_5431
FN:84,eqdestroy___OOZsrcZgame_5540
FN:85,atmdotdotatssrcatsgamedotnim_DatInit000
FNDA:9,goesFromStartToEnd__OOZsrcZgame_55
FNDA:14,findHexesInRoom__OOZsrcZgame_3218
FNDA:0,eqtrace___OOZsrcZgame_8689
FNDA:16,eqdestroy___OOZsrcZgame_8789
FNDA:1,atmdotdotatssrcatsgamedotnim_DatInit000
FNDA:8,divideSymbolsToRooms__OOZsrcZgame_725
FNDA:32,eqdestroy___OOZsrcZgame_5540
FNDA:8,eqdestroy___OOZsrcZgame_5431
FNDA:0,eqtrace___OOZsrcZgame_8798
FNDA:8,checkSolution__OOZsrcZgame_3586
FNDA:24,eqcopy___OOZsrcZgame_3195
FNDA:59,findSymsInRoom__OOZsrcZgame_732
FNDA:8,eqdestroy___OOZsrcZgame_8702
FNDA:5,eqdestroy___OOZsrcZgame_3192
FNDA:16,eqdestroy___OOZsrcZgame_8811
FNDA:8,eqdestroy___OOZsrcZgame_8680
FNDA:16,findUnsolvedHexes__OOZsrcZgame_3208
FNF:17
FNH:15
DA:23,9
DA:24,9
DA:25,98
DA:26,98
DA:27,98
DA:28,107
DA:29,17
DA:30,116
DA:31,91
DA:32,14
DA:33,26
DA:34,8
DA:37,59
DA:38,59
DA:39,59
DA:40,59
DA:41,8
DA:42,8
DA:43,4
DA:44,1
DA:45,1
DA:46,8
DA:47,6
DA:48,59
DA:49,148
DA:50,144
DA:52,72
DA:53,40
DA:54,40
DA:55,131
DA:56,131
DA:57,19
DA:58,19
DA:59,19
DA:60,19
DA:61,48
DA:62,16
DA:63,32
DA:64,16
DA:65,16
DA:67,14
DA:68,14
DA:69,14
DA:70,2
DA:71,52
DA:72,38
DA:73,50
DA:74,10
DA:75,108
DA:76,56
DA:77,4
DA:78,4
DA:80,60
DA:81,38
DA:82,24
DA:83,16
DA:84,64
DA:85,51
DA:86,16
DA:87,0
DA:88,0
DA:89,3
DA:90,6
DA:91,19
DA:92,0
DA:93,3
DA:94,0
DA:95,6
DA:96,3
DA:97,3
DA:98,3
DA:99,0
DA:100,35
DA:101,16
DA:105,3
DA:106,5
LF:76
LH:71
end_of_record
TN:
SF:/home/roni/Nas/Programming/Games/TheWitnessPuzzleMaker/src/geometry.nim
FN:17,plus___OOZsrcZlevels_258
FN:45,dollar___OOZsrcZgeometry_233
FN:45,dollar___OOZsrcZgeometry_234
FN:47,dollar___OOZsrcZgeometry_306
FN:48,eqdestroy___OOZsrcZgeometry_411
FN:48,eqcopy___OOZsrcZgeometry_414
FN:48,eqsink___OOZsrcZgeometry_417
FN:48,eqtrace___OOZsrcZgeometry_420
FN:69,addGridPoints__OOZsrcZgeometry_659
FN:74,connectGridPoints__OOZsrcZgeometry_2588
FN:82,minusgt___OOZsrcZgeometry_4603
FN:83,minusgt___OOZsrcZgeometry_4623
FN:92,toSetOfSegments__OOZsrcZgeometry_4781
FNDA:0,dollar___OOZsrcZgeometry_234
FNDA:1,addGridPoints__OOZsrcZgeometry_659
FNDA:226,plus___OOZsrcZlevels_258
FNDA:1,connectGridPoints__OOZsrcZgeometry_2588
FNDA:9509,eqcopy___OOZsrcZgeometry_414
FNDA:24,eqsink___OOZsrcZgeometry_417
FNDA:0,eqtrace___OOZsrcZgeometry_420
FNDA:9,minusgt___OOZsrcZgeometry_4603
FNDA:0,dollar___OOZsrcZgeometry_233
FNDA:89,minusgt___OOZsrcZgeometry_4623
FNDA:0,dollar___OOZsrcZgeometry_306
FNDA:139,toSetOfSegments__OOZsrcZgeometry_4781
FNDA:11210,eqdestroy___OOZsrcZgeometry_411
FNF:13
FNH:9
DA:5,3006
DA:6,3006
DA:17,226
DA:45,0
DA:46,0
DA:47,0
DA:48,29930
DA:49,458
DA:50,9873
DA:51,219
DA:52,21
DA:58,5
DA:59,100
DA:66,200
DA:67,200
DA:69,1
DA:71,25
DA:72,25
DA:74,1
DA:76,25
DA:77,100
DA:78,100
DA:79,80
DA:80,80
DA:81,100
DA:82,9
DA:83,89
DA:87,861
DA:88,861
DA:89,713
DA:90,861
DA:92,139
DA:93,615
DA:94,615
DA:95,304
DA:96,304
DA:97,304
DA:98,311
DA:99,926
DA:101,754
LF:40
LH:37
end_of_record
TN:
SF:/home/roni/Nas/Programming/Games/TheWitnessPuzzleMaker/src/graphs.nim
FN:17,addEdge__OOZsrcZgeometry_2667
FN:17,addEdge__OOZsrcZlevels_3433
FN:17,addEdge__OOZsrcZgeometry_2654
FN:17,addEdge__tlevels_272
FN:23,addEdgeAndMissingNodes__OOZsrcZlevels_646
FN:23,addEdgeAndMissingNodes__tlevels_8
FN:29,removeEdge__tgraphs_950
FN:34,addNode__OOZsrcZlevels_943
FN:34,addNode__OOZsrcZgeometry_665
FN:34,addNode__tlevels_72
FN:34,addNode__OOZsrcZgeometry_652
FN:40,contains__OOZsrcZlevels_5726
FN:40,contains__OOZsrcZlevels_3355
FN:40,contains__tgraphs_185
FN:40,contains__tgraphs_61
FN:56,eqdestroy___OOZsrcZgraphs_235
FN:56,dfs__tgraphs_1679
FN:56,dfs__OOZsrcZgame_112
FN:56,dfs__tgraphs_309
FN:56,eqtrace___OOZsrcZgraphs_244
FN:56,eqdestroy___OOZsrcZgraphs_253
FN:65,dfsInner__tgraphs_1694
FN:65,dfsInner__OOZsrcZgame_127
FN:65,dfsInner__tgraphs_324
FN:65,dfsInner__tgraphs_3311
FN:74,findReachableNodes__tgraphs_1587
FN:77,hasRoute__tgraphs_249
FN:77,hasRoute__OOZsrcZgame_61
FN:77,hasRoute__tgraphs_3955
FNDA:80,dfs__tgraphs_309
FNDA:98,dfs__OOZsrcZgame_112
FNDA:24,addEdge__OOZsrcZlevels_3433
FNDA:40,addEdgeAndMissingNodes__OOZsrcZlevels_646
FNDA:80,hasRoute__tgraphs_249
FNDA:16,addNode__OOZsrcZlevels_943
FNDA:80,addEdge__OOZsrcZgeometry_2667
FNDA:3,contains__OOZsrcZlevels_5726
FNDA:3,dfsInner__tgraphs_1694
FNDA:25,addNode__OOZsrcZgeometry_665
FNDA:36,contains__OOZsrcZlevels_3355
FNDA:181,eqdestroy___OOZsrcZgraphs_235
FNDA:8,removeEdge__tgraphs_950
FNDA:3,dfs__tgraphs_1679
FNDA:25,addNode__OOZsrcZgeometry_652
FNDA:1,addEdgeAndMissingNodes__tlevels_8
FNDA:1,findReachableNodes__tgraphs_1587
FNDA:2,hasRoute__tgraphs_3955
FNDA:181,eqdestroy___OOZsrcZgraphs_253
FNDA:1497,dfsInner__OOZsrcZgame_127
FNDA:1,addEdge__tlevels_272
FNDA:6,dfsInner__tgraphs_3311
FNDA:80,dfsInner__tgraphs_324
FNDA:0,eqtrace___OOZsrcZgraphs_244
FNDA:98,hasRoute__OOZsrcZgame_61
FNDA:100,contains__tgraphs_185
FNDA:40,addEdge__OOZsrcZgeometry_2654
FNDA:25,contains__tgraphs_61
FNDA:1,addNode__tlevels_72
FNF:29
FNH:28
DA:17,145
DA:18,145
DA:19,145
DA:20,145
DA:21,145
DA:23,41
DA:24,41
DA:25,1
DA:26,42
DA:27,66
DA:28,25
DA:29,49
DA:30,49
DA:31,8
DA:32,8
DA:33,8
DA:34,67
DA:35,67
DA:36,67
DA:40,164
DA:41,164
DA:43,75
DA:56,724
DA:57,181
DA:58,0
DA:59,362
DA:60,181
DA:65,1586
DA:66,1586
DA:67,1586
DA:68,5203
DA:69,3716
DA:70,2892
DA:71,1586
DA:72,3897
DA:74,1
DA:75,1
DA:77,180
DA:78,180
LF:39
LH:38
end_of_record
TN:
SF:/home/roni/Nas/Programming/Games/TheWitnessPuzzleMaker/src/levels.nim
FN:41,eqeq___OOZsrcZlevels_81
FN:57,cellFromCornerAndDirection__OOZsrcZlevels_248
FN:65,cellFromTopLeft__OOZsrcZlevels_539
FN:68,makeEmptyGrid__OOZsrcZlevels_542
FN:90,setPointData__OOZsrcZlevels_5166
FN:91,eqdestroy___OOZsrcZlevels_7525
FN:98,setCellData__OOZsrcZlevels_7538
FN:99,eqdestroy___OOZsrcZlevels_10015
FN:149,saveLevelToFile__OOZsrcZlevels_14323
FN:155,loadLevelFromFile__OOZsrcZlevels_15740
FNDA:1,setCellData__OOZsrcZlevels_7538
FNDA:1,setPointData__OOZsrcZlevels_5166
FNDA:16,cellFromCornerAndDirection__OOZsrcZlevels_248
FNDA:7,eqeq___OOZsrcZlevels_81
FNDA:1,eqdestroy___OOZsrcZlevels_7525
FNDA:1,eqdestroy___OOZsrcZlevels_10015
FNDA:1,saveLevelToFile__OOZsrcZlevels_14323
FNDA:6,loadLevelFromFile__OOZsrcZlevels_15740
FNDA:1,makeEmptyGrid__OOZsrcZlevels_542
FNDA:16,cellFromTopLeft__OOZsrcZlevels_539
FNF:10
FNH:10
DA:6,70
DA:7,70
DA:17,14
DA:18,14
DA:19,5
DA:20,5
DA:21,0
DA:22,0
DA:24,0
DA:29,7
DA:30,14
DA:31,7
DA:37,7
DA:38,14
DA:39,7
DA:40,7
DA:41,7
DA:43,7
DA:44,7
DA:45,5
DA:46,2
DA:47,2
DA:48,2
DA:49,0
DA:50,0
DA:51,0
DA:52,0
DA:54,0
DA:55,7
DA:57,19
DA:58,39
DA:59,19
DA:60,16
DA:61,32
DA:62,16
DA:63,16
DA:65,16
DA:66,16
DA:67,16
DA:68,1
DA:69,1
DA:70,1
DA:71,25
DA:73,25
DA:74,50
DA:75,50
DA:76,40
DA:77,50
DA:78,20
DA:79,41
DA:80,32
DA:81,16
DA:82,32
DA:83,64
DA:84,64
DA:85,16
DA:86,12
DA:87,28
DA:88,28
DA:89,12
DA:90,17
DA:91,5
DA:92,5
DA:93,4
DA:94,0
DA:95,0
DA:96,3
DA:97,3
DA:98,4
DA:99,2
DA:100,6
DA:101,4
DA:102,0
DA:103,0
DA:104,4
DA:105,4
DA:106,4
DA:149,1
DA:151,1
DA:152,1
DA:153,1
DA:154,1
DA:155,6
DA:157,6
DA:158,6
DA:159,6
DA:160,6
LF:87
LH:75
end_of_record
