TN:
SF:/home/roni/Nas/Programming/Games/TheWitnessPuzzleMaker/src/geometry.nim
FN:16,plus___OOZsrcZlevels_1811
FN:29,dollar___OOZsrcZgeometry_2355
FN:29,dollar___OOZsrcZgeometry_2342
FN:29,dollar___tlevels_9352
FN:49,addGridPoints__OOZsrcZgeometry_233
FN:54,connectGridPoints__OOZsrcZgeometry_1981
FN:62,eqdestroy___OOZsrcZgeometry_3909
FN:62,eqcopy___OOZsrcZgeometry_3912
FNDA:0,dollar___tlevels_9352
FNDA:1,connectGridPoints__OOZsrcZgeometry_1981
FNDA:226,plus___OOZsrcZlevels_1811
FNDA:1,addGridPoints__OOZsrcZgeometry_233
FNDA:776,eqcopy___OOZsrcZgeometry_3912
FNDA:912,dollar___OOZsrcZgeometry_2342
FNDA:1562,eqdestroy___OOZsrcZgeometry_3909
FNDA:0,dollar___OOZsrcZgeometry_2355
FNF:8
FNH:6
DA:5,1768
DA:6,1768
DA:16,226
DA:29,2736
DA:30,1824
DA:38,15
DA:39,100
DA:46,200
DA:47,200
DA:49,1
DA:51,25
DA:52,25
DA:54,1
DA:56,25
DA:57,100
DA:58,100
DA:59,80
DA:60,80
DA:61,100
DA:62,4113
DA:63,64
DA:64,854
DA:65,64
DA:66,1
LF:24
LH:24
end_of_record
TN:
SF:/home/roni/Nas/Programming/Games/TheWitnessPuzzleMaker/src/graphs.nim
FN:15,addNode__OOZsrcZgeometry_227
FN:15,addNode__OOZsrcZlevels_2234
FN:15,addNode__OOZsrcZgeometry_239
FN:15,addNode__tlevels_73
FN:21,contains__OOZsrcZlevels_9268
FN:21,contains__OOZsrcZlevels_8755
FN:21,contains__OOZsrcZlevels_6394
FN:21,contains__tgraphs_61
FN:21,contains__tgraphs_185
FN:23,addEdge__tlevels_273
FN:23,addEdge__OOZsrcZlevels_6472
FN:23,addEdge__OOZsrcZgeometry_2049
FN:23,addEdge__OOZsrcZgeometry_2037
FN:29,addEdgeAndMissingNodes__OOZsrcZlevels_1903
FN:29,addEdgeAndMissingNodes__tlevels_9
FN:35,removeEdge__tgraphs_876
FN:54,findReachableNodes__tgraphs_1513
FN:54,eqtrace___OOZsrcZgraphs_298
FN:54,eqdestroy___OOZsrcZgraphs_289
FN:54,eqdestroy___OOZsrcZgraphs_306
FN:60,findReachableNodesInner__tgraphs_3155
FN:60,findReachableNodesInner__tgraphs_1611
FN:68,eqdestroy___OOZsrcZgraphs_211
FN:68,eqtrace___OOZsrcZgraphs_220
FN:68,hasRoute__tgraphs_249
FN:68,hasRoute__OOZsrcZlevels_11540
FN:68,eqdestroy___OOZsrcZgraphs_215
FN:68,hasRoute__tgraphs_3738
FN:68,eqdestroy___OOZsrcZgraphs_228
FN:68,eqdestroy___OOZsrcZgraphs_232
FN:68,eqtrace___OOZsrcZgraphs_224
FN:71,hasRouteInner__OOZsrcZlevels_11557
FN:71,hasRouteInner__tgraphs_3755
FN:71,hasRouteInner__tgraphs_266
FN:71,hasRouteInner__tgraphs_3910
FN:72,atmdotdotatssrcatsgraphsdotnim_DatInit000
FNDA:25,addNode__OOZsrcZgeometry_239
FNDA:1,findReachableNodesInner__tgraphs_1611
FNDA:100,contains__tgraphs_185
FNDA:40,addEdge__OOZsrcZgeometry_2037
FNDA:2,findReachableNodesInner__tgraphs_3155
FNDA:25,contains__tgraphs_61
FNDA:0,eqtrace___OOZsrcZgraphs_298
FNDA:1,eqdestroy___OOZsrcZgraphs_289
FNDA:1,addEdgeAndMissingNodes__tlevels_9
FNDA:8,removeEdge__tgraphs_876
FNDA:1,eqdestroy___OOZsrcZgraphs_306
FNDA:4,hasRouteInner__tgraphs_3910
FNDA:1,addNode__tlevels_73
FNDA:1,atmdotdotatssrcatsgraphsdotnim_DatInit000
FNDA:0,eqtrace___OOZsrcZgraphs_224
FNDA:16,eqdestroy___OOZsrcZgraphs_228
FNDA:82,eqdestroy___OOZsrcZgraphs_232
FNDA:1,findReachableNodes__tgraphs_1513
FNDA:16,eqdestroy___OOZsrcZgraphs_211
FNDA:0,eqtrace___OOZsrcZgraphs_220
FNDA:158,hasRouteInner__OOZsrcZlevels_11557
FNDA:80,hasRoute__tgraphs_249
FNDA:32,contains__OOZsrcZlevels_6394
FNDA:4,contains__OOZsrcZlevels_9268
FNDA:3,contains__OOZsrcZlevels_8755
FNDA:25,addNode__OOZsrcZgeometry_227
FNDA:2,hasRouteInner__tgraphs_3755
FNDA:80,addEdge__OOZsrcZgeometry_2049
FNDA:80,hasRouteInner__tgraphs_266
FNDA:82,eqdestroy___OOZsrcZgraphs_215
FNDA:2,hasRoute__tgraphs_3738
FNDA:40,addEdgeAndMissingNodes__OOZsrcZlevels_1903
FNDA:16,addNode__OOZsrcZlevels_2234
FNDA:1,addEdge__tlevels_273
FNDA:16,hasRoute__OOZsrcZlevels_11540
FNDA:24,addEdge__OOZsrcZlevels_6472
FNF:36
FNH:33
DA:15,67
DA:16,67
DA:17,67
DA:21,164
DA:22,164
DA:23,145
DA:24,145
DA:25,145
DA:26,145
DA:27,145
DA:29,41
DA:30,41
DA:31,1
DA:32,42
DA:33,66
DA:34,25
DA:35,49
DA:36,49
DA:37,8
DA:38,8
DA:39,8
DA:41,16
DA:54,4
DA:55,1
DA:56,0
DA:57,2
DA:58,1
DA:60,3
DA:61,3
DA:62,7
DA:63,4
DA:64,2
DA:65,3
DA:66,5
DA:68,392
DA:69,196
DA:70,0
DA:71,408
DA:72,244
DA:73,244
DA:74,605
DA:75,378
DA:76,373
DA:77,244
DA:78,476
LF:45
LH:43
end_of_record
TN:
SF:/home/roni/Nas/Programming/Games/TheWitnessPuzzleMaker/src/levels.nim
FN:7,dollar___OOZsrcZlevels_23
FN:9,dollar___OOZsrcZlevels_33
FN:43,makeEmptyGrid__OOZsrcZlevels_80
FN:64,setPointData__OOZsrcZlevels_8375
FN:65,eqdestroy___OOZsrcZlevels_8865
FN:73,setCellData__OOZsrcZlevels_8878
FN:74,eqdestroy___OOZsrcZlevels_9378
FN:86,lineGoesFromStartToEnd__OOZsrcZlevels_11514
FN:88,eqdestroy___OOZsrcZlevels_12144
FN:88,eqcopy___OOZsrcZlevels_12147
FN:94,checkSolution__OOZsrcZlevels_12223
FN:112,saveLevelToFile__OOZsrcZlevels_12569
FN:117,loadLevelFromFile__OOZsrcZlevels_13974
FNDA:1,saveLevelToFile__OOZsrcZlevels_12569
FNDA:3,eqcopy___OOZsrcZlevels_12147
FNDA:1,makeEmptyGrid__OOZsrcZlevels_80
FNDA:3,checkSolution__OOZsrcZlevels_12223
FNDA:1,eqdestroy___OOZsrcZlevels_9378
FNDA:1,setPointData__OOZsrcZlevels_8375
FNDA:3,loadLevelFromFile__OOZsrcZlevels_13974
FNDA:32,dollar___OOZsrcZlevels_33
FNDA:52,dollar___OOZsrcZlevels_23
FNDA:2,lineGoesFromStartToEnd__OOZsrcZlevels_11514
FNDA:1,setCellData__OOZsrcZlevels_8878
FNDA:1,eqdestroy___OOZsrcZlevels_8865
FNDA:2,eqdestroy___OOZsrcZlevels_12144
FNF:13
FNH:13
DA:6,32
DA:7,84
DA:8,46
DA:9,38
DA:10,24
DA:11,8
DA:12,32
DA:17,4
DA:18,4
DA:19,4
DA:20,8
DA:21,0
DA:22,0
DA:24,0
DA:30,4
DA:31,8
DA:32,4
DA:38,4
DA:39,8
DA:40,8
DA:41,4
DA:43,1
DA:44,25
DA:45,25
DA:47,25
DA:48,50
DA:49,50
DA:50,40
DA:51,50
DA:52,41
DA:53,32
DA:54,16
DA:55,16
DA:56,32
DA:57,64
DA:58,64
DA:59,16
DA:60,12
DA:61,28
DA:62,28
DA:63,12
DA:64,17
DA:65,5
DA:66,4
DA:67,4
DA:68,3
DA:69,3
DA:70,3
DA:71,3
DA:72,3
DA:73,4
DA:74,6
DA:75,5
DA:76,4
DA:77,4
DA:78,4
DA:86,2
DA:87,2
DA:88,47
DA:89,16
DA:90,5
DA:91,19
DA:92,3
DA:93,2
DA:94,3
DA:95,5
DA:96,30
DA:97,33
DA:99,21
DA:100,21
DA:101,4
DA:102,24
DA:103,3
DA:112,1
DA:113,1
DA:114,1
DA:115,1
DA:116,1
DA:117,3
DA:118,3
DA:119,3
DA:120,3
DA:121,3
LF:83
LH:80
end_of_record
